<?xml version="1.0" encoding="UTF-8"?>
<testsuite xmlns:xsi="http://www.w3.org/2001/XMLSchema-instance" xsi:noNamespaceSchemaLocation="https://maven.apache.org/surefire/maven-surefire-plugin/xsd/surefire-test-report.xsd" name="br.com.jaemilton.quartz_cron_generator.AppTest" time="1.532" tests="14" errors="1" skipped="0" failures="4">
  <properties>
[...]
</properties>
  <testcase name="testMothsRepresentation" classname="br.com.jaemilton.quartz_cron_generator.AppTest" time="0.002">
    <failure message="expected:&lt;[DEC,JUL]&gt; but was:&lt;[JUL,DEC]&gt;" type="org.junit.ComparisonFailure"><![CDATA[org.junit.ComparisonFailure: expected:<[DEC,JUL]> but was:<[JUL,DEC]>
	at br.com.jaemilton.quartz_cron_generator.AppTest.testMothsRepresentation(AppTest.java:134)
]]></failure>
  </testcase>
  <testcase name="testEverySpecificWeekDayAt" classname="br.com.jaemilton.quartz_cron_generator.AppTest" time="0">
    <failure message="expected:&lt;0 22 22 ? * S[AT,SUN] *&gt; but was:&lt;0 22 22 ? * S[UN,SAT] *&gt;" type="org.junit.ComparisonFailure"><![CDATA[org.junit.ComparisonFailure: expected:<0 22 22 ? * S[AT,SUN] *> but was:<0 22 22 ? * S[UN,SAT] *>
	at br.com.jaemilton.quartz_cron_generator.AppTest.testEverySpecificWeekDayAt(AppTest.java:103)
]]></failure>
  </testcase>
  <testcase name="TestEverySpecificDayOfMonthAt" classname="br.com.jaemilton.quartz_cron_generator.AppTest" time="0">
    <error type="java.lang.NullPointerException">java.lang.NullPointerException
	at br.com.jaemilton.quartz_cron_generator.AppTest.TestEverySpecificDayOfMonthAt(AppTest.java:185)
</error>
  </testcase>
  <testcase name="testEverySpecificDayEveryNMonthAt" classname="br.com.jaemilton.quartz_cron_generator.AppTest" time="0"/>
  <testcase name="testEveryDayAt" classname="br.com.jaemilton.quartz_cron_generator.AppTest" time="0.001"/>
  <testcase name="testDaysOfWeekRepresentation" classname="br.com.jaemilton.quartz_cron_generator.AppTest" time="0">
    <failure message="expected:&lt;S[AT,SUN]&gt; but was:&lt;S[UN,SAT]&gt;" type="org.junit.ComparisonFailure"><![CDATA[org.junit.ComparisonFailure: expected:<S[AT,SUN]> but was:<S[UN,SAT]>
	at br.com.jaemilton.quartz_cron_generator.AppTest.testDaysOfWeekRepresentation(AppTest.java:119)
]]></failure>
  </testcase>
  <testcase name="testEveryNMinutes" classname="br.com.jaemilton.quartz_cron_generator.AppTest" time="0"/>
  <testcase name="testEveryNDaysAt" classname="br.com.jaemilton.quartz_cron_generator.AppTest" time="0"/>
  <testcase name="testEveryWeekDay" classname="br.com.jaemilton.quartz_cron_generator.AppTest" time="0.007"/>
  <testcase name="testEveryNSeconds" classname="br.com.jaemilton.quartz_cron_generator.AppTest" time="0"/>
  <testcase name="TestEverySpecificSeqWeekDayOfMonthAt" classname="br.com.jaemilton.quartz_cron_generator.AppTest" time="0">
    <failure message="expected:&lt;0 0 12 ? JAN [MON]#1 *&gt; but was:&lt;0 0 12 ? JAN [2]#1 *&gt;" type="org.junit.ComparisonFailure"><![CDATA[org.junit.ComparisonFailure: expected:<0 0 12 ? JAN [MON]#1 *> but was:<0 0 12 ? JAN [2]#1 *>
	at br.com.jaemilton.quartz_cron_generator.AppTest.TestEverySpecificSeqWeekDayOfMonthAt(AppTest.java:175)
]]></failure>
  </testcase>
  <testcase name="TestSpecificDateAt" classname="br.com.jaemilton.quartz_cron_generator.AppTest" time="0"/>
  <testcase name="testEverySpecificSeqWeekDayEveryNMonthAt" classname="br.com.jaemilton.quartz_cron_generator.AppTest" time="0"/>
  <testcase name="testEveryNHours" classname="br.com.jaemilton.quartz_cron_generator.AppTest" time="0.001"/>
</testsuite>